<?xml version="1.0" encoding="UTF-8"?>
<!-- Generated by org.testng.reporters.JUnitXMLReporter -->
<testsuite ignored="3" hostname="SURABHI" failures="0" tests="1" name="TestNG" time="5.63" errors="0" timestamp="2025-03-21T08:29:03 GST">
  <testcase classname="com.Obsqura.rmartSupermarket.Testscript.LoginPageTest" name="verifyinvalidusernameandvalidpassword" time="0.978"/>
  <testcase classname="com.Obsqura.rmartSupermarket.Testscript.LoginPageTest" name="verifyvalidusernameandpassword" time="0.0">
    <ignored/>
  </testcase> <!-- verifyvalidusernameandpassword -->
  <testcase classname="com.Obsqura.rmartSupermarket.Testscript.LoginPageTest" name="verifyvalidusernameandinvalidpassword" time="0.0">
    <ignored/>
  </testcase> <!-- verifyvalidusernameandinvalidpassword -->
  <testcase classname="com.Obsqura.rmartSupermarket.Testscript.LoginPageTest" name="verifyinvalidusernameandpassword" time="0.0">
    <ignored/>
  </testcase> <!-- verifyinvalidusernameandpassword -->
</testsuite> <!-- TestNG -->
