<?xml version="1.0" encoding="UTF-8"?>
<testng-results ignored="0" total="1" passed="1" failed="0" skipped="0">
  <reporter-output>
  </reporter-output>
  <suite started-at="2025-03-25T09:31:43 GST" name="Default suite" finished-at="2025-03-25T09:32:45 GST" duration-ms="61731">
    <groups>
    </groups>
    <test started-at="2025-03-25T09:31:43 GST" name="Default test" finished-at="2025-03-25T09:32:45 GST" duration-ms="61731">
      <class name="com.Obsqura.rmartSupermarket.Testscript.ManageFooterTextPageTest">
        <test-method is-config="true" signature="beforeMethod()[pri:0, instance:com.Obsqura.rmartSupermarket.Testscript.ManageFooterTextPageTest@293a5bf6]" started-at="2025-03-25T09:31:43 GST" name="beforeMethod" finished-at="2025-03-25T09:32:15 GST" duration-ms="32074" status="PASS">
          <reporter-output>
          </reporter-output>
        </test-method> <!-- beforeMethod -->
        <test-method signature="verifyUserCanCreateFooterTextInfo()[pri:0, instance:com.Obsqura.rmartSupermarket.Testscript.ManageFooterTextPageTest@293a5bf6]" started-at="2025-03-25T09:32:15 GST" name="verifyUserCanCreateFooterTextInfo" finished-at="2025-03-25T09:32:45 GST" duration-ms="29596" status="PASS">
          <reporter-output>
          </reporter-output>
        </test-method> <!-- verifyUserCanCreateFooterTextInfo -->
        <test-method is-config="true" signature="afterMethod()[pri:0, instance:com.Obsqura.rmartSupermarket.Testscript.ManageFooterTextPageTest@293a5bf6]" started-at="2025-03-25T09:32:45 GST" name="afterMethod" finished-at="2025-03-25T09:32:45 GST" duration-ms="0" status="PASS">
          <reporter-output>
          </reporter-output>
        </test-method> <!-- afterMethod -->
      </class> <!-- com.Obsqura.rmartSupermarket.Testscript.ManageFooterTextPageTest -->
    </test> <!-- Default test -->
  </suite> <!-- Default suite -->
</testng-results>
